TN:
SF:/work/05893/jiaqi/stampede2/homework/proj01/src/Get_Matrix_Mod.f90
FN:7,__get_matrix_mod_MOD_get_matrix_1d_order2
FN:38,__get_matrix_mod_MOD_get_matrix_1d_order4
FN:78,__get_matrix_mod_MOD_get_matrix_2d_order2
FN:132,__get_matrix_mod_MOD_get_matrix_2d_order4
FNDA:2,__get_matrix_mod_MOD_get_matrix_1d_order2
FNDA:1,__get_matrix_mod_MOD_get_matrix_2d_order4
FNDA:2,__get_matrix_mod_MOD_get_matrix_2d_order2
FNDA:1,__get_matrix_mod_MOD_get_matrix_1d_order4
FNF:4
FNH:4
DA:7,2
DA:18,2
DA:20,2
DA:21,2
DA:24,64
DA:25,62
DA:26,62
DA:27,62
DA:28,64
DA:32,2
DA:33,2
DA:35,2
DA:38,1
DA:53,1
DA:54,1
DA:55,1
DA:58,1
DA:59,1
DA:60,1
DA:61,1
DA:64,1
DA:65,1
DA:66,1
DA:67,1
DA:70,30
DA:71,29
DA:72,30
DA:75,1
DA:78,2
DA:92,2
DA:93,2
DA:96,68
DA:97,66
DA:98,68
DA:102,68
DA:103,66
DA:104,68
DA:108,64
DA:111,62
DA:112,62
DA:113,62
DA:116,62
DA:117,62
DA:118,62
DA:121,1986
DA:122,1922
DA:123,1922
DA:124,1984
DA:129,2
DA:132,1
DA:149,1
DA:150,1
DA:151,1
DA:154,34
DA:155,33
DA:156,34
DA:160,34
DA:161,33
DA:162,34
DA:166,4
DA:169,2
DA:170,2
DA:171,2
DA:174,2
DA:175,2
DA:176,2
DA:179,65
DA:180,62
DA:181,62
DA:182,64
DA:188,30
DA:191,29
DA:192,29
DA:193,29
DA:196,29
DA:197,29
DA:198,29
DA:201,116
DA:202,58
DA:203,58
DA:204,87
DA:208,871
DA:209,841
DA:211,841
DA:212,870
DA:217,1
LF:86
LH:86
end_of_record
TN:
SF:/work/05893/jiaqi/stampede2/homework/proj01/src/Get_Mesh_Mod.f90
FN:7,__get_mesh_mod_MOD_get_mesh
FNDA:6,__get_mesh_mod_MOD_get_mesh
FNF:1
FNH:1
DA:7,6
DA:16,6
DA:19,6
DA:20,6
DA:22,6
DA:23,3
DA:24,3
DA:28,6
DA:30,204
DA:31,204
DA:34,6
DA:37,6
DA:38,0
DA:39,0
DA:40,0
DA:42,0
DA:45,6
LF:17
LH:13
end_of_record
TN:
SF:/work/05893/jiaqi/stampede2/homework/proj01/src/Get_Source_Mod.f90
FN:8,__get_source_mod_MOD_get_source_1d
FN:42,__get_source_mod_MOD_get_source_2d
FNDA:3,__get_source_mod_MOD_get_source_2d
FNDA:3,__get_source_mod_MOD_get_source_1d
FNF:2
FNH:2
DA:8,3
DA:18,3
DA:19,3
DA:22,3
DA:23,3
DA:24,3
DA:25,3
DA:26,3
DA:27,3
DA:31,3
DA:32,3
DA:35,96
DA:36,96
DA:39,3
DA:42,3
DA:53,3
DA:54,3
DA:57,3
DA:58,3
DA:59,3
DA:60,3
DA:61,3
DA:62,3
DA:63,3
DA:67,102
DA:68,102
DA:72,102
DA:73,99
DA:74,102
DA:78,96
DA:80,93
DA:81,93
DA:84,93
DA:85,93
DA:88,2979
DA:89,2883
DA:91,2976
DA:95,3
LF:38
LH:38
end_of_record
TN:
SF:/work/05893/jiaqi/stampede2/homework/proj01/src/Initialize_Mod.f90
FN:7,__initialize_mod_MOD_initialize
FNDA:6,__initialize_mod_MOD_initialize
FNF:1
FNH:1
DA:7,6
DA:20,6
DA:22,3
DA:26,3
DA:29,3
DA:30,3
DA:31,3
DA:32,3
DA:33,3
DA:36,3
DA:37,2
DA:38,1
DA:39,1
DA:41,0
DA:45,3
DA:46,3
DA:51,3
DA:54,3
DA:55,3
DA:56,3
DA:57,3
DA:58,3
DA:61,3
DA:62,2
DA:63,1
DA:64,1
DA:66,0
DA:70,3
DA:71,3
DA:75,6
DA:80,6
DA:82,0
DA:85,0
DA:86,0
DA:87,0
DA:89,0
DA:92,6
DA:94,6
LF:38
LH:31
end_of_record
TN:
SF:/work/05893/jiaqi/stampede2/homework/proj01/src/Jacobi_GS_Mod.f90
FN:8,__jacobi_gs_mod_MOD_update_jacobi
FN:43,__jacobi_gs_mod_MOD_update_gs
FNDA:9804,__jacobi_gs_mod_MOD_update_gs
FNDA:8721,__jacobi_gs_mod_MOD_update_jacobi
FNF:2
FNH:2
DA:8,17442
DA:19,8721
DA:22,8721
DA:24,4643010
DA:25,4634289
DA:26,4634289
DA:27,25375992
DA:28,20741703
DA:29,20741703
DA:30,4634289
DA:31,4634289
DA:33,20741703
DA:35,4643010
DA:38,8721
DA:40,8721
DA:43,19608
DA:54,9804
DA:57,9804
DA:59,5359896
DA:60,5350092
DA:61,5350092
DA:62,38319376
DA:63,32969284
DA:64,38319376
DA:65,13809596
DA:66,19159688
DA:67,5350092
DA:69,13809596
DA:72,5359896
DA:75,9804
DA:77,9804
LF:31
LH:31
end_of_record
TN:
SF:/work/05893/jiaqi/stampede2/homework/proj01/src/Postprocess_Mod.f90
FN:6,__postprocess_mod_MOD_postprocess
FN:78,__postprocess_mod_MOD_output_hdf5
FNDA:6,__postprocess_mod_MOD_output_hdf5
FNDA:6,__postprocess_mod_MOD_postprocess
FNF:2
FNH:2
DA:6,6
DA:19,6
DA:21,6
DA:24,3
DA:27,102
DA:28,102
DA:30,3
DA:31,3
DA:35,102
DA:36,3369
DA:37,3267
DA:39,3366
DA:42,3
DA:43,3
DA:47,6
DA:52,6
DA:53,6
DA:54,6
DA:72,6
DA:74,6
DA:76,6
DA:78,6
DA:108,6
DA:109,6
DA:113,6
DA:116,3
DA:118,3
DA:119,3
DA:120,105
DA:121,102
DA:124,3
DA:125,3
DA:126,111
DA:127,3369
DA:129,3366
DA:135,6
DA:138,6
DA:141,6
DA:142,6
DA:143,6
DA:144,6
DA:148,6
DA:149,6
DA:151,3
DA:153,3
DA:156,3
DA:158,3
DA:161,3
DA:163,9
DA:170,6
DA:171,6
DA:172,3
DA:175,3
DA:177,3
DA:179,3
DA:182,3
DA:184,9
DA:188,6
DA:189,6
DA:190,3
DA:192,6
DA:193,6
DA:196,6
DA:197,6
DA:200,6
DA:203,6
DA:205,6
LF:67
LH:67
end_of_record
TN:
SF:/work/05893/jiaqi/stampede2/homework/proj01/src/Read_Input_Mod.f90
FN:7,__read_input_mod_MOD_read_input
FNDA:6,__read_input_mod_MOD_read_input
FNF:1
FNH:1
DA:7,6
DA:19,6
DA:23,6
DA:24,6
DA:25,6
DA:29,6
DA:30,6
DA:31,0
DA:32,0
DA:36,6
DA:39,6
DA:40,6
DA:41,6
DA:43,6
DA:44,6
DA:46,6
DA:47,6
DA:49,6
DA:51,6
DA:52,6
DA:53,6
DA:54,6
DA:57,6
DA:60,6
DA:61,6
DA:62,6
DA:63,6
DA:64,6
DA:66,6
DA:67,6
DA:69,6
DA:70,6
DA:72,6
DA:74,6
DA:75,6
DA:76,6
DA:77,6
DA:79,6
DA:82,6
DA:84,6
LF:40
LH:38
end_of_record
TN:
SF:/work/05893/jiaqi/stampede2/homework/proj01/src/Solve_System_Mod.f90
FN:7,__solve_system_mod_MOD_solve_system
FNDA:6,__solve_system_mod_MOD_solve_system
FNF:1
FNH:1
DA:7,6
DA:16,6
DA:20,6
DA:23,6
DA:24,6
DA:25,6
DA:28,6
DA:31,18525
DA:34,8721
DA:36,8721
DA:38,9804
DA:40,18525
DA:44,18525
DA:45,18525
DA:48,18525
DA:49,16
DA:50,16
DA:51,16
DA:56,18525
DA:57,6
DA:63,6
DA:64,6
DA:65,2
DA:67,2
DA:69,4
DA:71,6
DA:74,6
DA:75,6
DA:76,6
DA:79,6
DA:81,6
LF:31
LH:31
end_of_record
TN:
SF:/work/05893/jiaqi/stampede2/homework/proj01/src/Sparse_Matrix_Mod.f90
FN:24,__sparse_matrix_mod_MOD_init_row
FN:41,__sparse_matrix_mod_MOD_init_matrix
FN:52,__sparse_matrix_mod_MOD_print_matrix
FN:68,__sparse_matrix_mod_MOD___final_sparse_matrix_mod_Sparse_matrix_type
FN:68,__sparse_matrix_mod_MOD___final_sparse_matrix_mod_Sparse_row_type
FN:68,__sparse_matrix_mod_MOD___copy_sparse_matrix_mod_Sparse_row_type
FN:68,__sparse_matrix_mod_MOD___copy_sparse_matrix_mod_Sparse_matrix_type
FNDA:6,__sparse_matrix_mod_MOD___final_sparse_matrix_mod_Sparse_matrix_type
FNDA:0,__sparse_matrix_mod_MOD_print_matrix
FNDA:3366,__sparse_matrix_mod_MOD___final_sparse_matrix_mod_Sparse_row_type
FNDA:0,__sparse_matrix_mod_MOD___copy_sparse_matrix_mod_Sparse_row_type
FNDA:0,__sparse_matrix_mod_MOD___copy_sparse_matrix_mod_Sparse_matrix_type
FNDA:3366,__sparse_matrix_mod_MOD_init_row
FNDA:6,__sparse_matrix_mod_MOD_init_matrix
FNF:7
FNH:4
DA:24,3366
DA:32,3366
DA:33,3366
DA:34,3366
DA:35,3366
DA:36,3366
DA:37,3366
DA:38,3366
DA:39,3366
DA:41,6
DA:47,6
DA:48,6
DA:49,6
DA:50,6
DA:52,0
DA:57,0
DA:58,0
DA:59,0
DA:60,0
DA:62,0
DA:65,0
DA:66,0
DA:68,3372
LF:23
LH:15
end_of_record
TN:
SF:/work/05893/jiaqi/stampede2/homework/proj01/src/main.f90
FN:2,MAIN__
FN:3,main
FNDA:6,MAIN__
FNDA:6,main
FNF:2
FNH:2
DA:2,6
DA:3,6
DA:12,6
DA:15,6
DA:18,6
DA:21,6
DA:24,6
DA:27,6
DA:30,6
DA:31,6
DA:35,6
LF:11
LH:11
end_of_record
